<?xml version="1.0" encoding="UTF-8"?>
<!-- Generated by org.testng.reporters.JUnitXMLReporter -->
<testsuite hostname="co0per-K53E" ignored="0" tests="18" failures="1" timestamp="28 jun 2017 02:31:59 GMT" time="26.226" errors="0">
  <testcase name="testGetInboxOk on testGetInboxOk(MensajeControllerTest)" time="24.987" classname="MensajeControllerTest">
    <failure type="java.lang.AssertionError" message="Status expected:&amp;lt;200&amp;gt; but was:&amp;lt;204&amp;gt;">
      <![CDATA[java.lang.AssertionError: Status expected:<200> but was:<204>
	at org.springframework.test.util.AssertionErrors.fail(AssertionErrors.java:54)
	at org.springframework.test.util.AssertionErrors.assertEquals(AssertionErrors.java:81)
	at org.springframework.test.web.servlet.result.StatusResultMatchers$10.match(StatusResultMatchers.java:664)
	at org.springframework.test.web.servlet.MockMvc$1.andExpect(MockMvc.java:171)
	at MensajeControllerTest.testGetInboxOk(MensajeControllerTest.java:76)
	at org.junit.runners.model.FrameworkMethod$1.runReflectiveCall(FrameworkMethod.java:50)
	at org.junit.internal.runners.model.ReflectiveCallable.run(ReflectiveCallable.java:12)
	at org.junit.runners.model.FrameworkMethod.invokeExplosively(FrameworkMethod.java:47)
	at org.junit.internal.runners.statements.InvokeMethod.evaluate(InvokeMethod.java:17)
	at org.junit.internal.runners.statements.RunBefores.evaluate(RunBefores.java:26)
	at org.springframework.test.context.junit4.statements.RunBeforeTestMethodCallbacks.evaluate(RunBeforeTestMethodCallbacks.java:75)
	at org.junit.internal.runners.statements.RunAfters.evaluate(RunAfters.java:27)
	at org.springframework.test.context.junit4.statements.RunAfterTestMethodCallbacks.evaluate(RunAfterTestMethodCallbacks.java:86)
	at org.springframework.test.context.junit4.statements.SpringRepeat.evaluate(SpringRepeat.java:84)
	at org.junit.runners.ParentRunner.runLeaf(ParentRunner.java:325)
	at org.springframework.test.context.junit4.SpringJUnit4ClassRunner.runChild(SpringJUnit4ClassRunner.java:252)
	at org.springframework.test.context.junit4.SpringJUnit4ClassRunner.runChild(SpringJUnit4ClassRunner.java:94)
	at org.junit.runners.ParentRunner$3.run(ParentRunner.java:290)
	at org.junit.runners.ParentRunner$1.schedule(ParentRunner.java:71)
	at org.junit.runners.ParentRunner.runChildren(ParentRunner.java:288)
	at org.junit.runners.ParentRunner.access$000(ParentRunner.java:58)
	at org.junit.runners.ParentRunner$2.evaluate(ParentRunner.java:268)
	at org.springframework.test.context.junit4.statements.RunBeforeTestClassCallbacks.evaluate(RunBeforeTestClassCallbacks.java:61)
	at org.springframework.test.context.junit4.statements.RunAfterTestClassCallbacks.evaluate(RunAfterTestClassCallbacks.java:70)
	at org.junit.runners.ParentRunner.run(ParentRunner.java:363)
	at org.springframework.test.context.junit4.SpringJUnit4ClassRunner.run(SpringJUnit4ClassRunner.java:191)
	at org.junit.runner.JUnitCore.run(JUnitCore.java:137)
	at org.junit.runner.JUnitCore.run(JUnitCore.java:115)
... Removed 27 stack frames]]>
    </failure>
  </testcase> <!-- testGetInboxOk on testGetInboxOk(MensajeControllerTest) -->
  <testcase name="testApp on testApp(AppTest)" time="0.017" classname="AppTest"/>
  <testcase name="testRecipiente on testRecipiente(MensajeTest)" time="0.008" classname="MensajeTest"/>
  <testcase name="testID on testID(MensajeTest)" time="0.007" classname="MensajeTest"/>
  <testcase name="testBorrado on testBorrado(MensajeTest)" time="0.003" classname="MensajeTest"/>
  <testcase name="testMensaje on testMensaje(MensajeTest)" time="0.003" classname="MensajeTest"/>
  <testcase name="testAsunto on testAsunto(MensajeTest)" time="0.004" classname="MensajeTest"/>
  <testcase name="testRemitente on testRemitente(MensajeTest)" time="0.004" classname="MensajeTest"/>
  <testcase name="testEmail on testEmail(UsuarioTest)" time="0.013" classname="UsuarioTest"/>
  <testcase name="testPais on testPais(UsuarioTest)" time="0.014" classname="UsuarioTest"/>
  <testcase name="testPass on testPass(UsuarioTest)" time="0.014" classname="UsuarioTest"/>
  <testcase name="testTelefono on testTelefono(UsuarioTest)" time="0.015" classname="UsuarioTest"/>
  <testcase name="testDireccion on testDireccion(UsuarioTest)" time="0.018" classname="UsuarioTest"/>
  <testcase name="testProvincia on testProvincia(UsuarioTest)" time="0.019" classname="UsuarioTest"/>
  <testcase name="testCiudad on testCiudad(UsuarioTest)" time="0.023" classname="UsuarioTest"/>
  <testcase name="testEmail2 on testEmail2(UsuarioTest)" time="0.025" classname="UsuarioTest"/>
  <testcase name="testApellido on testApellido(UsuarioTest)" time="0.025" classname="UsuarioTest"/>
  <testcase name="testNombre on testNombre(UsuarioTest)" time="0.028" classname="UsuarioTest"/>
</testsuite>
